<?xml version="1.0" encoding="UTF-8"?>
<!-- Generated by org.testng.reporters.JUnitReportReporter -->
<testsuite skipped="0" hostname="LAPTOP-RHH0K4EC" name="com.intnetbanking.testcases.TC_logintest_001" tests="1" failures="0" timestamp="30 Aug 2020 17:32:19 GMT" time="3.106" errors="0">
  <testcase name="loginTest" time="3.106" classname="com.intnetbanking.testcases.TC_logintest_001"/>
</testsuite> <!-- com.intnetbanking.testcases.TC_logintest_001 -->
